{
  "RSpec": {
    "coverage": {
      "/Users/MJS/Dropbox/projects/climbing_comps/app/models/user.rb": [
        1,
        null,
        null,
        1,
        null,
        null
      ],
      "/Users/MJS/Dropbox/projects/climbing_comps/app/controllers/application_controller.rb": [
        1,
        null,
        null,
        1,
        null
      ],
      "/Users/MJS/Dropbox/projects/climbing_comps/app/controllers/homes_controller.rb": [
        1,
        1,
        null,
        null
      ],
      "/Users/MJS/Dropbox/projects/climbing_comps/app/controllers/athletes_controller.rb": [
        1,
        1,
        null,
        null,
        1,
        2,
        null,
        null,
        1,
        0,
        null,
        null,
        1,
        2,
        null,
        null,
        1,
        2,
        null,
        2,
        1,
        1,
        null,
        1,
        1,
        null,
        null,
        null,
        1,
        0,
        null,
        null,
        1,
        0,
        null,
        0,
        0,
        0,
        null,
        0,
        0,
        null,
        null,
        null,
        1,
        0,
        null,
        0,
        0,
        0,
        null,
        0,
        0,
        null,
        null,
        null,
        1,
        null,
        1,
        2,
        null,
        null,
        null
      ],
      "/Users/MJS/Dropbox/projects/climbing_comps/app/models/athlete.rb": [
        1,
        1,
        1,
        1,
        1,
        null,
        1,
        1,
        null,
        null
      ]
    },
    "timestamp": 1428780738
  }
}
